{
  "stats": {
    "suites": 3,
    "tests": 13,
    "passes": 12,
    "pending": 0,
    "failures": 1,
    "testsRegistered": 13,
    "passPercent": 92.3076923076923,
    "pendingPercent": 0,
    "other": 0,
    "hasOther": false,
    "skipped": 0,
    "hasSkipped": false,
    "start": "2025-05-02T16:12:04.434Z",
    "end": "2025-05-02T16:12:42.781Z",
    "duration": 38347
  },
  "results": [
    {
      "uuid": "fe57ac9b-c44a-4cb4-8f2c-eddb5ca50eb0",
      "title": "",
      "fullFile": "cypress\\e2e\\ValidacaoTelas.spec.cy.js",
      "file": "cypress\\e2e\\ValidacaoTelas.spec.cy.js",
      "beforeHooks": [],
      "afterHooks": [],
      "tests": [],
      "suites": [
        {
          "uuid": "bbf098be-5f14-43ea-ab56-1fbaf0af3c6a",
          "title": "Validações de telas",
          "fullFile": "",
          "file": "",
          "beforeHooks": [],
          "afterHooks": [],
          "tests": [
            {
              "title": "Validar o Dashboard",
              "fullTitle": "Validações de telas Validar o Dashboard",
              "timedOut": null,
              "duration": 9729,
              "state": "passed",
              "speed": "medium",
              "pass": true,
              "fail": false,
              "pending": false,
              "context": null,
              "code": "cy.get('.oxd-topbar-header-title').should('be.visible');\ncy.contains('Time at Work').should('be.visible');\ncy.get(':nth-child(2) > .oxd-sheet').should('be.visible');",
              "err": {},
              "uuid": "65d51c2d-1af0-4c33-b507-6f6749ec5910",
              "parentUUID": "bbf098be-5f14-43ea-ab56-1fbaf0af3c6a",
              "isHook": false,
              "skipped": false
            },
            {
              "title": "Validar o Admin",
              "fullTitle": "Validações de telas Validar o Admin",
              "timedOut": null,
              "duration": 3701,
              "state": "passed",
              "speed": "fast",
              "pass": true,
              "fail": false,
              "pending": false,
              "context": null,
              "code": "cy.visit('https://opensource-demo.orangehrmlive.com/web/index.php/admin/viewSystemUsers');\ncy.get('.oxd-topbar-header-title').should('be.visible');\ncy.get('.oxd-table-filter').should('be.visible');\ncy.contains('System Users').should('be.visible');\ncy.get('[class=\"orangehrm-paper-container\"]').should('be.visible');",
              "err": {},
              "uuid": "81089b01-81e8-44e5-9415-0dc1bb9cbd29",
              "parentUUID": "bbf098be-5f14-43ea-ab56-1fbaf0af3c6a",
              "isHook": false,
              "skipped": false
            },
            {
              "title": "Validar o PIM",
              "fullTitle": "Validações de telas Validar o PIM",
              "timedOut": null,
              "duration": 3429,
              "state": "passed",
              "speed": "fast",
              "pass": true,
              "fail": false,
              "pending": false,
              "context": null,
              "code": "cy.visit('https://opensource-demo.orangehrmlive.com/web/index.php/pim/viewEmployeeList');\ncy.get('.oxd-topbar-header-title').should('be.visible');\ncy.contains('Employee Information').should('be.visible');\ncy.get('[class=\"orangehrm-paper-container\"]').should('be.visible');",
              "err": {},
              "uuid": "d151bada-a20d-42a7-8114-f899b4dc8e63",
              "parentUUID": "bbf098be-5f14-43ea-ab56-1fbaf0af3c6a",
              "isHook": false,
              "skipped": false
            },
            {
              "title": "Validar o Time",
              "fullTitle": "Validações de telas Validar o Time",
              "timedOut": null,
              "duration": 3288,
              "state": "passed",
              "speed": "fast",
              "pass": true,
              "fail": false,
              "pending": false,
              "context": null,
              "code": "cy.visit('https://opensource-demo.orangehrmlive.com/web/index.php/time/viewEmployeeTimesheet');\ncy.get('.oxd-topbar-header-title').should('be.visible');\ncy.get('[class=\"orangehrm-paper-container\"]').should('be.visible');\ncy.contains('Select Employee').should('be.visible');",
              "err": {},
              "uuid": "d3ef08b9-97ae-44b6-bb92-388426fd9588",
              "parentUUID": "bbf098be-5f14-43ea-ab56-1fbaf0af3c6a",
              "isHook": false,
              "skipped": false
            },
            {
              "title": "Validar a Performance",
              "fullTitle": "Validações de telas Validar a Performance",
              "timedOut": null,
              "duration": 3315,
              "state": "passed",
              "speed": "fast",
              "pass": true,
              "fail": false,
              "pending": false,
              "context": null,
              "code": "cy.visit('https://opensource-demo.orangehrmlive.com/web/index.php/performance/searchEvaluatePerformanceReview');\ncy.get('.oxd-topbar-header-title').should('be.visible');\ncy.get('[class=\"orangehrm-paper-container\"]').should('be.visible');\ncy.contains('Employee Reviews').should('be.visible');",
              "err": {},
              "uuid": "3fe9c61e-19ae-4caf-82a1-8e1abfe8facb",
              "parentUUID": "bbf098be-5f14-43ea-ab56-1fbaf0af3c6a",
              "isHook": false,
              "skipped": false
            },
            {
              "title": "Validar o Recruitment",
              "fullTitle": "Validações de telas Validar o Recruitment",
              "timedOut": null,
              "duration": 3261,
              "state": "passed",
              "speed": "fast",
              "pass": true,
              "fail": false,
              "pending": false,
              "context": null,
              "code": "cy.visit('https://opensource-demo.orangehrmlive.com/web/index.php/recruitment/viewCandidates');\ncy.get('.oxd-topbar-header-title').should('be.visible');\ncy.get('[class=\"orangehrm-paper-container\"]').should('be.visible');\ncy.contains('Candidates').should('be.visible');",
              "err": {},
              "uuid": "28230b0e-7312-43a0-8e49-c49c6c8cb169",
              "parentUUID": "bbf098be-5f14-43ea-ab56-1fbaf0af3c6a",
              "isHook": false,
              "skipped": false
            }
          ],
          "suites": [],
          "passes": [
            "65d51c2d-1af0-4c33-b507-6f6749ec5910",
            "81089b01-81e8-44e5-9415-0dc1bb9cbd29",
            "d151bada-a20d-42a7-8114-f899b4dc8e63",
            "d3ef08b9-97ae-44b6-bb92-388426fd9588",
            "3fe9c61e-19ae-4caf-82a1-8e1abfe8facb",
            "28230b0e-7312-43a0-8e49-c49c6c8cb169"
          ],
          "failures": [],
          "pending": [],
          "skipped": [],
          "duration": 26723,
          "root": false,
          "rootEmpty": false,
          "_timeout": 2000
        }
      ],
      "passes": [],
      "failures": [],
      "pending": [],
      "skipped": [],
      "duration": 0,
      "root": true,
      "rootEmpty": true,
      "_timeout": 2000
    },
    {
      "uuid": "46e76160-0958-4070-b666-fb5a738528ee",
      "title": "",
      "fullFile": "cypress\\e2e\\Modulos.spec.cy.js",
      "file": "cypress\\e2e\\Modulos.spec.cy.js",
      "beforeHooks": [],
      "afterHooks": [],
      "tests": [],
      "suites": [
        {
          "uuid": "da7770b0-b215-4035-8536-cb042c4f8a2b",
          "title": "Validações do módulo PIM",
          "fullFile": "",
          "file": "",
          "beforeHooks": [],
          "afterHooks": [],
          "tests": [
            {
              "title": "Deve adicionar um novo funcionário",
              "fullTitle": "Validações do módulo PIM Deve adicionar um novo funcionário",
              "timedOut": null,
              "duration": 17335,
              "state": "passed",
              "speed": "slow",
              "pass": true,
              "fail": false,
              "pending": false,
              "context": null,
              "code": "cy.get('.orangehrm-header-container > .oxd-button').click();\ncy.get('.orangehrm-card-container').should('be.visible');\ncy.get('[name=\"firstName\"]').type(_data.default.firstName);\ncy.get('[name=\"lastName\"]').type(_data.default.lastName);\ncy.get('.oxd-button--secondary').click();\ncy.get('.orangehrm-edit-employee-name > .oxd-text').contains(_data.default.fullName).should('be.visible');",
              "err": {},
              "uuid": "250b6ac6-087d-4a33-a431-5e1a0c9c0f00",
              "parentUUID": "da7770b0-b215-4035-8536-cb042c4f8a2b",
              "isHook": false,
              "skipped": false
            },
            {
              "title": "Pesquisar funcionário",
              "fullTitle": "Validações do módulo PIM Pesquisar funcionário",
              "timedOut": null,
              "duration": 3977,
              "state": "passed",
              "speed": "fast",
              "pass": true,
              "fail": false,
              "pending": false,
              "context": null,
              "code": "cy.get('[placeholder=\"Type for hints...\"]').first().type(_data.default.firstName);\ncy.get('.oxd-form-actions > .oxd-button--secondary').click();\ncy.get('[class=\"orangehrm-container\"]').contains(_data.default.fullName).should('be.visible');",
              "err": {},
              "uuid": "0da8f479-a906-4e1e-b39f-0e3a43190f60",
              "parentUUID": "da7770b0-b215-4035-8536-cb042c4f8a2b",
              "isHook": false,
              "skipped": false
            }
          ],
          "suites": [],
          "passes": [
            "250b6ac6-087d-4a33-a431-5e1a0c9c0f00",
            "0da8f479-a906-4e1e-b39f-0e3a43190f60"
          ],
          "failures": [],
          "pending": [],
          "skipped": [],
          "duration": 21312,
          "root": false,
          "rootEmpty": false,
          "_timeout": 2000
        },
        {
          "uuid": "021ac686-e10b-422a-84dd-84e2d0fdc647",
          "title": "Validações do módulo Admin",
          "fullFile": "",
          "file": "",
          "beforeHooks": [],
          "afterHooks": [],
          "tests": [
            {
              "title": "Deve editar usuários",
              "fullTitle": "Validações do módulo Admin Deve editar usuários",
              "timedOut": null,
              "duration": 7602,
              "state": "failed",
              "speed": null,
              "pass": false,
              "fail": true,
              "pending": false,
              "context": null,
              "code": "cy.get('[role=\"row\"]').contains('JamesButler').parents('[role=\"row\"]').find('[class=\"oxd-icon bi-pencil-fill\"]').click();\ncy.get('[class=\"oxd-icon bi-caret-down-fill oxd-select-text--arrow\"]').last().click();\ncy.contains('Disabled').click();\ncy.get('.oxd-button--secondary').click();\ncy.get('[role=\"row\"]').contains('JamesButler').parents('[role=\"row\"]').contains('Disabled').should('be.visible');\ncy.get('[role=\"row\"]').contains('JamesButler').parents('[role=\"row\"]').find('[class=\"oxd-icon bi-pencil-fill\"]').click();\ncy.get('[class=\"oxd-icon bi-caret-down-fill oxd-select-text--arrow\"]').last().click();\ncy.contains('Enabled').click();\ncy.get('.oxd-button--secondary').click();\ncy.get('[role=\"row\"]').contains('JamesButler').parents('[role=\"row\"]').contains('Enabled').should('be.visible');",
              "err": {
                "message": "AssertionError: Timed out retrying after 4000ms: Expected to find content: 'JamesButler' within the element: <div.oxd-table-row.oxd-table-row--with-border> but never did.",
                "estack": "AssertionError: Timed out retrying after 4000ms: Expected to find content: 'JamesButler' within the element: <div.oxd-table-row.oxd-table-row--with-border> but never did.\n    at Context.eval (webpack://smoketest-hrmorange/./cypress/e2e/Modulos.spec.cy.js:46:27)",
                "diff": null
              },
              "uuid": "ba3d8919-8cda-4d86-a080-c88d5ff064df",
              "parentUUID": "021ac686-e10b-422a-84dd-84e2d0fdc647",
              "isHook": false,
              "skipped": false
            }
          ],
          "suites": [],
          "passes": [],
          "failures": [
            "ba3d8919-8cda-4d86-a080-c88d5ff064df"
          ],
          "pending": [],
          "skipped": [],
          "duration": 7602,
          "root": false,
          "rootEmpty": false,
          "_timeout": 2000
        }
      ],
      "passes": [],
      "failures": [],
      "pending": [],
      "skipped": [],
      "duration": 0,
      "root": true,
      "rootEmpty": true,
      "_timeout": 2000
    },
    {
      "uuid": "6684d070-88f6-4865-8979-df4c591a2dee",
      "title": "",
      "fullFile": "cypress\\e2e\\Autenticacaospec.cy.js",
      "file": "cypress\\e2e\\Autenticacaospec.cy.js",
      "beforeHooks": [],
      "afterHooks": [],
      "tests": [],
      "suites": [
        {
          "uuid": "82df3fc0-5852-41e0-81d9-23ef223b9c7e",
          "title": "Autenticação",
          "fullFile": "",
          "file": "",
          "beforeHooks": [],
          "afterHooks": [],
          "tests": [
            {
              "title": "Login",
              "fullTitle": "Autenticação Login",
              "timedOut": null,
              "duration": 5463,
              "state": "passed",
              "speed": "medium",
              "pass": true,
              "fail": false,
              "pending": false,
              "context": null,
              "code": "",
              "err": {},
              "uuid": "fa013d6e-9550-4290-a532-b832eee85bf8",
              "parentUUID": "82df3fc0-5852-41e0-81d9-23ef223b9c7e",
              "isHook": false,
              "skipped": false
            },
            {
              "title": "Logout",
              "fullTitle": "Autenticação Logout",
              "timedOut": null,
              "duration": 4262,
              "state": "passed",
              "speed": "fast",
              "pass": true,
              "fail": false,
              "pending": false,
              "context": null,
              "code": "cy.getLocations();\ncy.get('.oxd-userdropdown-tab > .oxd-icon').click();\ncy.contains('Logout').click();\ncy.get('.orangehrm-login-branding').should('be.visible');\ncy.visit('https://opensource-demo.orangehrmlive.com/web/index.php/dashboard/index');\ncy.get('.oxd-brand-banner > img').should('not.exist');",
              "err": {},
              "uuid": "f2732d81-a4bf-4402-b227-f2e45b9de1dc",
              "parentUUID": "82df3fc0-5852-41e0-81d9-23ef223b9c7e",
              "isHook": false,
              "skipped": false
            }
          ],
          "suites": [],
          "passes": [
            "fa013d6e-9550-4290-a532-b832eee85bf8",
            "f2732d81-a4bf-4402-b227-f2e45b9de1dc"
          ],
          "failures": [],
          "pending": [],
          "skipped": [],
          "duration": 9725,
          "root": false,
          "rootEmpty": false,
          "_timeout": 2000
        },
        {
          "uuid": "2ea15b1f-d151-49fc-87a5-465eeb837119",
          "title": "Menu Lateral",
          "fullFile": "",
          "file": "",
          "beforeHooks": [],
          "afterHooks": [],
          "tests": [
            {
              "title": "Validar se o menu aparece",
              "fullTitle": "Menu Lateral Validar se o menu aparece",
              "timedOut": null,
              "duration": 8425,
              "state": "passed",
              "speed": "medium",
              "pass": true,
              "fail": false,
              "pending": false,
              "context": null,
              "code": "cy.get('[class=\"oxd-navbar-nav\"]').as('menu').should('be.visible');\ncy.get('@menu').contains('Admin' + 'PIM' + 'Leave' + 'Time' + 'Recruitment' + 'My Info' + 'Performance' + 'Dashboard' + 'Directory' + 'Maintenance' + 'Claim' + 'Buzz').should('be.visible');",
              "err": {},
              "uuid": "0fe595ca-df0e-4c95-ab5a-13e02c3517bc",
              "parentUUID": "2ea15b1f-d151-49fc-87a5-465eeb837119",
              "isHook": false,
              "skipped": false
            },
            {
              "title": "Validar a pesquisa",
              "fullTitle": "Menu Lateral Validar a pesquisa",
              "timedOut": null,
              "duration": 2351,
              "state": "passed",
              "speed": "fast",
              "pass": true,
              "fail": false,
              "pending": false,
              "context": null,
              "code": "cy.get('.oxd-input').type('PIM');\ncy.get('[class=\"oxd-navbar-nav\"]').contains('PIM').should('be.visible');\ncy.get('[class=\"oxd-navbar-nav\"]').contains('Admin').should('not.exist');",
              "err": {},
              "uuid": "8d06a245-0e96-4b96-b9c8-f7527892237f",
              "parentUUID": "2ea15b1f-d151-49fc-87a5-465eeb837119",
              "isHook": false,
              "skipped": false
            }
          ],
          "suites": [],
          "passes": [
            "0fe595ca-df0e-4c95-ab5a-13e02c3517bc",
            "8d06a245-0e96-4b96-b9c8-f7527892237f"
          ],
          "failures": [],
          "pending": [],
          "skipped": [],
          "duration": 10776,
          "root": false,
          "rootEmpty": false,
          "_timeout": 2000
        }
      ],
      "passes": [],
      "failures": [],
      "pending": [],
      "skipped": [],
      "duration": 0,
      "root": true,
      "rootEmpty": true,
      "_timeout": 2000
    }
  ],
  "meta": {
    "mocha": {
      "version": "7.2.0"
    },
    "mochawesome": {
      "options": {
        "quiet": false,
        "reportFilename": "mochawesome",
        "saveHtml": false,
        "saveJson": true,
        "consoleReporter": "spec",
        "useInlineDiffs": false,
        "code": true
      },
      "version": "7.1.3"
    },
    "marge": {
      "options": {
        "reportDir": "cypress/reports",
        "overwrite": false,
        "html": false,
        "json": true
      },
      "version": "6.2.0"
    }
  }
}