{
  "stats": {
    "suites": 2,
    "tests": 4,
    "passes": 4,
    "pending": 0,
    "failures": 0,
    "start": "2025-05-02T16:12:04.434Z",
    "end": "2025-05-02T16:12:29.648Z",
    "duration": 25214,
    "testsRegistered": 4,
    "passPercent": 100,
    "pendingPercent": 0,
    "other": 0,
    "hasOther": false,
    "skipped": 0,
    "hasSkipped": false
  },
  "results": [
    {
      "uuid": "6684d070-88f6-4865-8979-df4c591a2dee",
      "title": "",
      "fullFile": "cypress\\e2e\\Autenticacaospec.cy.js",
      "file": "cypress\\e2e\\Autenticacaospec.cy.js",
      "beforeHooks": [],
      "afterHooks": [],
      "tests": [],
      "suites": [
        {
          "uuid": "82df3fc0-5852-41e0-81d9-23ef223b9c7e",
          "title": "Autenticação",
          "fullFile": "",
          "file": "",
          "beforeHooks": [],
          "afterHooks": [],
          "tests": [
            {
              "title": "Login",
              "fullTitle": "Autenticação Login",
              "timedOut": null,
              "duration": 5463,
              "state": "passed",
              "speed": "medium",
              "pass": true,
              "fail": false,
              "pending": false,
              "context": null,
              "code": "",
              "err": {},
              "uuid": "fa013d6e-9550-4290-a532-b832eee85bf8",
              "parentUUID": "82df3fc0-5852-41e0-81d9-23ef223b9c7e",
              "isHook": false,
              "skipped": false
            },
            {
              "title": "Logout",
              "fullTitle": "Autenticação Logout",
              "timedOut": null,
              "duration": 4262,
              "state": "passed",
              "speed": "fast",
              "pass": true,
              "fail": false,
              "pending": false,
              "context": null,
              "code": "cy.getLocations();\ncy.get('.oxd-userdropdown-tab > .oxd-icon').click();\ncy.contains('Logout').click();\ncy.get('.orangehrm-login-branding').should('be.visible');\ncy.visit('https://opensource-demo.orangehrmlive.com/web/index.php/dashboard/index');\ncy.get('.oxd-brand-banner > img').should('not.exist');",
              "err": {},
              "uuid": "f2732d81-a4bf-4402-b227-f2e45b9de1dc",
              "parentUUID": "82df3fc0-5852-41e0-81d9-23ef223b9c7e",
              "isHook": false,
              "skipped": false
            }
          ],
          "suites": [],
          "passes": [
            "fa013d6e-9550-4290-a532-b832eee85bf8",
            "f2732d81-a4bf-4402-b227-f2e45b9de1dc"
          ],
          "failures": [],
          "pending": [],
          "skipped": [],
          "duration": 9725,
          "root": false,
          "rootEmpty": false,
          "_timeout": 2000
        },
        {
          "uuid": "2ea15b1f-d151-49fc-87a5-465eeb837119",
          "title": "Menu Lateral",
          "fullFile": "",
          "file": "",
          "beforeHooks": [],
          "afterHooks": [],
          "tests": [
            {
              "title": "Validar se o menu aparece",
              "fullTitle": "Menu Lateral Validar se o menu aparece",
              "timedOut": null,
              "duration": 8425,
              "state": "passed",
              "speed": "medium",
              "pass": true,
              "fail": false,
              "pending": false,
              "context": null,
              "code": "cy.get('[class=\"oxd-navbar-nav\"]').as('menu').should('be.visible');\ncy.get('@menu').contains('Admin' + 'PIM' + 'Leave' + 'Time' + 'Recruitment' + 'My Info' + 'Performance' + 'Dashboard' + 'Directory' + 'Maintenance' + 'Claim' + 'Buzz').should('be.visible');",
              "err": {},
              "uuid": "0fe595ca-df0e-4c95-ab5a-13e02c3517bc",
              "parentUUID": "2ea15b1f-d151-49fc-87a5-465eeb837119",
              "isHook": false,
              "skipped": false
            },
            {
              "title": "Validar a pesquisa",
              "fullTitle": "Menu Lateral Validar a pesquisa",
              "timedOut": null,
              "duration": 2351,
              "state": "passed",
              "speed": "fast",
              "pass": true,
              "fail": false,
              "pending": false,
              "context": null,
              "code": "cy.get('.oxd-input').type('PIM');\ncy.get('[class=\"oxd-navbar-nav\"]').contains('PIM').should('be.visible');\ncy.get('[class=\"oxd-navbar-nav\"]').contains('Admin').should('not.exist');",
              "err": {},
              "uuid": "8d06a245-0e96-4b96-b9c8-f7527892237f",
              "parentUUID": "2ea15b1f-d151-49fc-87a5-465eeb837119",
              "isHook": false,
              "skipped": false
            }
          ],
          "suites": [],
          "passes": [
            "0fe595ca-df0e-4c95-ab5a-13e02c3517bc",
            "8d06a245-0e96-4b96-b9c8-f7527892237f"
          ],
          "failures": [],
          "pending": [],
          "skipped": [],
          "duration": 10776,
          "root": false,
          "rootEmpty": false,
          "_timeout": 2000
        }
      ],
      "passes": [],
      "failures": [],
      "pending": [],
      "skipped": [],
      "duration": 0,
      "root": true,
      "rootEmpty": true,
      "_timeout": 2000
    }
  ],
  "meta": {
    "mocha": {
      "version": "7.2.0"
    },
    "mochawesome": {
      "options": {
        "quiet": false,
        "reportFilename": "mochawesome",
        "saveHtml": false,
        "saveJson": true,
        "consoleReporter": "spec",
        "useInlineDiffs": false,
        "code": true
      },
      "version": "7.1.3"
    },
    "marge": {
      "options": {
        "reportDir": "cypress/reports",
        "overwrite": false,
        "html": false,
        "json": true
      },
      "version": "6.2.0"
    }
  }
}