{
  "stats": {
    "suites": 1,
    "tests": 6,
    "passes": 6,
    "pending": 0,
    "failures": 0,
    "start": "2025-05-02T16:12:10.084Z",
    "end": "2025-05-02T16:12:41.807Z",
    "duration": 31723,
    "testsRegistered": 6,
    "passPercent": 100,
    "pendingPercent": 0,
    "other": 0,
    "hasOther": false,
    "skipped": 0,
    "hasSkipped": false
  },
  "results": [
    {
      "uuid": "fe57ac9b-c44a-4cb4-8f2c-eddb5ca50eb0",
      "title": "",
      "fullFile": "cypress\\e2e\\ValidacaoTelas.spec.cy.js",
      "file": "cypress\\e2e\\ValidacaoTelas.spec.cy.js",
      "beforeHooks": [],
      "afterHooks": [],
      "tests": [],
      "suites": [
        {
          "uuid": "bbf098be-5f14-43ea-ab56-1fbaf0af3c6a",
          "title": "Validações de telas",
          "fullFile": "",
          "file": "",
          "beforeHooks": [],
          "afterHooks": [],
          "tests": [
            {
              "title": "Validar o Dashboard",
              "fullTitle": "Validações de telas Validar o Dashboard",
              "timedOut": null,
              "duration": 9729,
              "state": "passed",
              "speed": "medium",
              "pass": true,
              "fail": false,
              "pending": false,
              "context": null,
              "code": "cy.get('.oxd-topbar-header-title').should('be.visible');\ncy.contains('Time at Work').should('be.visible');\ncy.get(':nth-child(2) > .oxd-sheet').should('be.visible');",
              "err": {},
              "uuid": "65d51c2d-1af0-4c33-b507-6f6749ec5910",
              "parentUUID": "bbf098be-5f14-43ea-ab56-1fbaf0af3c6a",
              "isHook": false,
              "skipped": false
            },
            {
              "title": "Validar o Admin",
              "fullTitle": "Validações de telas Validar o Admin",
              "timedOut": null,
              "duration": 3701,
              "state": "passed",
              "speed": "fast",
              "pass": true,
              "fail": false,
              "pending": false,
              "context": null,
              "code": "cy.visit('https://opensource-demo.orangehrmlive.com/web/index.php/admin/viewSystemUsers');\ncy.get('.oxd-topbar-header-title').should('be.visible');\ncy.get('.oxd-table-filter').should('be.visible');\ncy.contains('System Users').should('be.visible');\ncy.get('[class=\"orangehrm-paper-container\"]').should('be.visible');",
              "err": {},
              "uuid": "81089b01-81e8-44e5-9415-0dc1bb9cbd29",
              "parentUUID": "bbf098be-5f14-43ea-ab56-1fbaf0af3c6a",
              "isHook": false,
              "skipped": false
            },
            {
              "title": "Validar o PIM",
              "fullTitle": "Validações de telas Validar o PIM",
              "timedOut": null,
              "duration": 3429,
              "state": "passed",
              "speed": "fast",
              "pass": true,
              "fail": false,
              "pending": false,
              "context": null,
              "code": "cy.visit('https://opensource-demo.orangehrmlive.com/web/index.php/pim/viewEmployeeList');\ncy.get('.oxd-topbar-header-title').should('be.visible');\ncy.contains('Employee Information').should('be.visible');\ncy.get('[class=\"orangehrm-paper-container\"]').should('be.visible');",
              "err": {},
              "uuid": "d151bada-a20d-42a7-8114-f899b4dc8e63",
              "parentUUID": "bbf098be-5f14-43ea-ab56-1fbaf0af3c6a",
              "isHook": false,
              "skipped": false
            },
            {
              "title": "Validar o Time",
              "fullTitle": "Validações de telas Validar o Time",
              "timedOut": null,
              "duration": 3288,
              "state": "passed",
              "speed": "fast",
              "pass": true,
              "fail": false,
              "pending": false,
              "context": null,
              "code": "cy.visit('https://opensource-demo.orangehrmlive.com/web/index.php/time/viewEmployeeTimesheet');\ncy.get('.oxd-topbar-header-title').should('be.visible');\ncy.get('[class=\"orangehrm-paper-container\"]').should('be.visible');\ncy.contains('Select Employee').should('be.visible');",
              "err": {},
              "uuid": "d3ef08b9-97ae-44b6-bb92-388426fd9588",
              "parentUUID": "bbf098be-5f14-43ea-ab56-1fbaf0af3c6a",
              "isHook": false,
              "skipped": false
            },
            {
              "title": "Validar a Performance",
              "fullTitle": "Validações de telas Validar a Performance",
              "timedOut": null,
              "duration": 3315,
              "state": "passed",
              "speed": "fast",
              "pass": true,
              "fail": false,
              "pending": false,
              "context": null,
              "code": "cy.visit('https://opensource-demo.orangehrmlive.com/web/index.php/performance/searchEvaluatePerformanceReview');\ncy.get('.oxd-topbar-header-title').should('be.visible');\ncy.get('[class=\"orangehrm-paper-container\"]').should('be.visible');\ncy.contains('Employee Reviews').should('be.visible');",
              "err": {},
              "uuid": "3fe9c61e-19ae-4caf-82a1-8e1abfe8facb",
              "parentUUID": "bbf098be-5f14-43ea-ab56-1fbaf0af3c6a",
              "isHook": false,
              "skipped": false
            },
            {
              "title": "Validar o Recruitment",
              "fullTitle": "Validações de telas Validar o Recruitment",
              "timedOut": null,
              "duration": 3261,
              "state": "passed",
              "speed": "fast",
              "pass": true,
              "fail": false,
              "pending": false,
              "context": null,
              "code": "cy.visit('https://opensource-demo.orangehrmlive.com/web/index.php/recruitment/viewCandidates');\ncy.get('.oxd-topbar-header-title').should('be.visible');\ncy.get('[class=\"orangehrm-paper-container\"]').should('be.visible');\ncy.contains('Candidates').should('be.visible');",
              "err": {},
              "uuid": "28230b0e-7312-43a0-8e49-c49c6c8cb169",
              "parentUUID": "bbf098be-5f14-43ea-ab56-1fbaf0af3c6a",
              "isHook": false,
              "skipped": false
            }
          ],
          "suites": [],
          "passes": [
            "65d51c2d-1af0-4c33-b507-6f6749ec5910",
            "81089b01-81e8-44e5-9415-0dc1bb9cbd29",
            "d151bada-a20d-42a7-8114-f899b4dc8e63",
            "d3ef08b9-97ae-44b6-bb92-388426fd9588",
            "3fe9c61e-19ae-4caf-82a1-8e1abfe8facb",
            "28230b0e-7312-43a0-8e49-c49c6c8cb169"
          ],
          "failures": [],
          "pending": [],
          "skipped": [],
          "duration": 26723,
          "root": false,
          "rootEmpty": false,
          "_timeout": 2000
        }
      ],
      "passes": [],
      "failures": [],
      "pending": [],
      "skipped": [],
      "duration": 0,
      "root": true,
      "rootEmpty": true,
      "_timeout": 2000
    }
  ],
  "meta": {
    "mocha": {
      "version": "7.2.0"
    },
    "mochawesome": {
      "options": {
        "quiet": false,
        "reportFilename": "mochawesome",
        "saveHtml": false,
        "saveJson": true,
        "consoleReporter": "spec",
        "useInlineDiffs": false,
        "code": true
      },
      "version": "7.1.3"
    },
    "marge": {
      "options": {
        "reportDir": "cypress/reports",
        "overwrite": false,
        "html": false,
        "json": true
      },
      "version": "6.2.0"
    }
  }
}