{
  "stats": {
    "suites": 2,
    "tests": 3,
    "passes": 2,
    "pending": 0,
    "failures": 1,
    "start": "2025-05-02T16:12:07.735Z",
    "end": "2025-05-02T16:12:42.781Z",
    "duration": 35046,
    "testsRegistered": 3,
    "passPercent": 66.66666666666666,
    "pendingPercent": 0,
    "other": 0,
    "hasOther": false,
    "skipped": 0,
    "hasSkipped": false
  },
  "results": [
    {
      "uuid": "46e76160-0958-4070-b666-fb5a738528ee",
      "title": "",
      "fullFile": "cypress\\e2e\\Modulos.spec.cy.js",
      "file": "cypress\\e2e\\Modulos.spec.cy.js",
      "beforeHooks": [],
      "afterHooks": [],
      "tests": [],
      "suites": [
        {
          "uuid": "da7770b0-b215-4035-8536-cb042c4f8a2b",
          "title": "Validações do módulo PIM",
          "fullFile": "",
          "file": "",
          "beforeHooks": [],
          "afterHooks": [],
          "tests": [
            {
              "title": "Deve adicionar um novo funcionário",
              "fullTitle": "Validações do módulo PIM Deve adicionar um novo funcionário",
              "timedOut": null,
              "duration": 17335,
              "state": "passed",
              "speed": "slow",
              "pass": true,
              "fail": false,
              "pending": false,
              "context": null,
              "code": "cy.get('.orangehrm-header-container > .oxd-button').click();\ncy.get('.orangehrm-card-container').should('be.visible');\ncy.get('[name=\"firstName\"]').type(_data.default.firstName);\ncy.get('[name=\"lastName\"]').type(_data.default.lastName);\ncy.get('.oxd-button--secondary').click();\ncy.get('.orangehrm-edit-employee-name > .oxd-text').contains(_data.default.fullName).should('be.visible');",
              "err": {},
              "uuid": "250b6ac6-087d-4a33-a431-5e1a0c9c0f00",
              "parentUUID": "da7770b0-b215-4035-8536-cb042c4f8a2b",
              "isHook": false,
              "skipped": false
            },
            {
              "title": "Pesquisar funcionário",
              "fullTitle": "Validações do módulo PIM Pesquisar funcionário",
              "timedOut": null,
              "duration": 3977,
              "state": "passed",
              "speed": "fast",
              "pass": true,
              "fail": false,
              "pending": false,
              "context": null,
              "code": "cy.get('[placeholder=\"Type for hints...\"]').first().type(_data.default.firstName);\ncy.get('.oxd-form-actions > .oxd-button--secondary').click();\ncy.get('[class=\"orangehrm-container\"]').contains(_data.default.fullName).should('be.visible');",
              "err": {},
              "uuid": "0da8f479-a906-4e1e-b39f-0e3a43190f60",
              "parentUUID": "da7770b0-b215-4035-8536-cb042c4f8a2b",
              "isHook": false,
              "skipped": false
            }
          ],
          "suites": [],
          "passes": [
            "250b6ac6-087d-4a33-a431-5e1a0c9c0f00",
            "0da8f479-a906-4e1e-b39f-0e3a43190f60"
          ],
          "failures": [],
          "pending": [],
          "skipped": [],
          "duration": 21312,
          "root": false,
          "rootEmpty": false,
          "_timeout": 2000
        },
        {
          "uuid": "021ac686-e10b-422a-84dd-84e2d0fdc647",
          "title": "Validações do módulo Admin",
          "fullFile": "",
          "file": "",
          "beforeHooks": [],
          "afterHooks": [],
          "tests": [
            {
              "title": "Deve editar usuários",
              "fullTitle": "Validações do módulo Admin Deve editar usuários",
              "timedOut": null,
              "duration": 7602,
              "state": "failed",
              "speed": null,
              "pass": false,
              "fail": true,
              "pending": false,
              "context": null,
              "code": "cy.get('[role=\"row\"]').contains('JamesButler').parents('[role=\"row\"]').find('[class=\"oxd-icon bi-pencil-fill\"]').click();\ncy.get('[class=\"oxd-icon bi-caret-down-fill oxd-select-text--arrow\"]').last().click();\ncy.contains('Disabled').click();\ncy.get('.oxd-button--secondary').click();\ncy.get('[role=\"row\"]').contains('JamesButler').parents('[role=\"row\"]').contains('Disabled').should('be.visible');\ncy.get('[role=\"row\"]').contains('JamesButler').parents('[role=\"row\"]').find('[class=\"oxd-icon bi-pencil-fill\"]').click();\ncy.get('[class=\"oxd-icon bi-caret-down-fill oxd-select-text--arrow\"]').last().click();\ncy.contains('Enabled').click();\ncy.get('.oxd-button--secondary').click();\ncy.get('[role=\"row\"]').contains('JamesButler').parents('[role=\"row\"]').contains('Enabled').should('be.visible');",
              "err": {
                "message": "AssertionError: Timed out retrying after 4000ms: Expected to find content: 'JamesButler' within the element: <div.oxd-table-row.oxd-table-row--with-border> but never did.",
                "estack": "AssertionError: Timed out retrying after 4000ms: Expected to find content: 'JamesButler' within the element: <div.oxd-table-row.oxd-table-row--with-border> but never did.\n    at Context.eval (webpack://smoketest-hrmorange/./cypress/e2e/Modulos.spec.cy.js:46:27)",
                "diff": null
              },
              "uuid": "ba3d8919-8cda-4d86-a080-c88d5ff064df",
              "parentUUID": "021ac686-e10b-422a-84dd-84e2d0fdc647",
              "isHook": false,
              "skipped": false
            }
          ],
          "suites": [],
          "passes": [],
          "failures": [
            "ba3d8919-8cda-4d86-a080-c88d5ff064df"
          ],
          "pending": [],
          "skipped": [],
          "duration": 7602,
          "root": false,
          "rootEmpty": false,
          "_timeout": 2000
        }
      ],
      "passes": [],
      "failures": [],
      "pending": [],
      "skipped": [],
      "duration": 0,
      "root": true,
      "rootEmpty": true,
      "_timeout": 2000
    }
  ],
  "meta": {
    "mocha": {
      "version": "7.2.0"
    },
    "mochawesome": {
      "options": {
        "quiet": false,
        "reportFilename": "mochawesome",
        "saveHtml": false,
        "saveJson": true,
        "consoleReporter": "spec",
        "useInlineDiffs": false,
        "code": true
      },
      "version": "7.1.3"
    },
    "marge": {
      "options": {
        "reportDir": "cypress/reports",
        "overwrite": false,
        "html": false,
        "json": true
      },
      "version": "6.2.0"
    }
  }
}